
*** Running vivado
    with args -log asynchronous_fifo.vds -m64 -product Vivado -mode batch -messageDb vivado.pb -notrace -source asynchronous_fifo.tcl



****** Vivado v2024.2 (64-bit)
  **** SW Build 5239630 on Fri Nov 08 22:35:27 MST 2024
  **** IP Build 5239520 on Sun Nov 10 16:12:51 MST 2024
  **** SharedData Build 5239561 on Fri Nov 08 14:39:27 MST 2024
  **** Start of session at: Sun Jul 13 03:30:28 2025
    ** Copyright 1986-2022 Xilinx, Inc. All Rights Reserved.
    ** Copyright 2022-2024 Advanced Micro Devices, Inc. All Rights Reserved.

source asynchronous_fifo.tcl -notrace
Command: synth_design -top asynchronous_fifo -part xc7k70tfbv676-1
Starting synth_design
Attempting to get a license for feature 'Synthesis' and/or device 'xc7k70t'
INFO: [Common 17-349] Got license for feature 'Synthesis' and/or device 'xc7k70t'
INFO: [Synth 8-7079] Multithreading enabled for synth_design using a maximum of 2 processes.
INFO: [Synth 8-7078] Launching helper process for spawning children vivado processes
INFO: [Synth 8-7075] Helper process launched with PID 19980
---------------------------------------------------------------------------------
Starting Synthesize : Time (s): cpu = 00:00:06 ; elapsed = 00:00:07 . Memory (MB): peak = 847.367 ; gain = 478.539
---------------------------------------------------------------------------------
INFO: [Synth 8-6157] synthesizing module 'asynchronous_fifo' [D:/vivado_projects/Project_A/Project_A.srcs/sources_1/new/asynchronous_fifo.v:2]
INFO: [Synth 8-6157] synthesizing module 'synchronizer' [D:/vivado_projects/Project_A/Project_A.srcs/sources_1/new/synchroniser.v:2]
	Parameter WIDTH bound to: 3 - type: integer 
INFO: [Synth 8-6155] done synthesizing module 'synchronizer' (0#1) [D:/vivado_projects/Project_A/Project_A.srcs/sources_1/new/synchroniser.v:2]
INFO: [Synth 8-6157] synthesizing module 'wptr_handler' [D:/vivado_projects/Project_A/Project_A.srcs/sources_1/new/wptr_handler.v:2]
	Parameter PTR_WIDTH bound to: 3 - type: integer 
INFO: [Synth 8-6155] done synthesizing module 'wptr_handler' (0#1) [D:/vivado_projects/Project_A/Project_A.srcs/sources_1/new/wptr_handler.v:2]
INFO: [Synth 8-6157] synthesizing module 'rptr_handler' [D:/vivado_projects/Project_A/Project_A.srcs/sources_1/new/rptr_handler.v:2]
	Parameter PTR_WIDTH bound to: 3 - type: integer 
INFO: [Synth 8-6155] done synthesizing module 'rptr_handler' (0#1) [D:/vivado_projects/Project_A/Project_A.srcs/sources_1/new/rptr_handler.v:2]
INFO: [Synth 8-6157] synthesizing module 'fifo_mem' [D:/vivado_projects/Project_A/Project_A.srcs/sources_1/new/fifo_mem.v:2]
	Parameter DEPTH bound to: 8 - type: integer 
	Parameter DATA_WIDTH bound to: 8 - type: integer 
	Parameter PTR_WIDTH bound to: 3 - type: integer 
INFO: [Synth 8-6155] done synthesizing module 'fifo_mem' (0#1) [D:/vivado_projects/Project_A/Project_A.srcs/sources_1/new/fifo_mem.v:2]
INFO: [Synth 8-6155] done synthesizing module 'asynchronous_fifo' (0#1) [D:/vivado_projects/Project_A/Project_A.srcs/sources_1/new/asynchronous_fifo.v:2]
WARNING: [Synth 8-7129] Port b_wptr[3] in module fifo_mem is either unconnected or has no load
WARNING: [Synth 8-7129] Port b_rptr[3] in module fifo_mem is either unconnected or has no load
---------------------------------------------------------------------------------
Finished Synthesize : Time (s): cpu = 00:00:08 ; elapsed = 00:00:09 . Memory (MB): peak = 950.559 ; gain = 581.730
---------------------------------------------------------------------------------
---------------------------------------------------------------------------------
Finished Constraint Validation : Time (s): cpu = 00:00:08 ; elapsed = 00:00:10 . Memory (MB): peak = 950.559 ; gain = 581.730
---------------------------------------------------------------------------------
---------------------------------------------------------------------------------
Start Loading Part and Timing Information
---------------------------------------------------------------------------------
Loading part: xc7k70tfbv676-1
---------------------------------------------------------------------------------
INFO: [Device 21-403] Loading part xc7k70tfbv676-1
Finished Loading Part and Timing Information : Time (s): cpu = 00:00:08 ; elapsed = 00:00:10 . Memory (MB): peak = 950.559 ; gain = 581.730
---------------------------------------------------------------------------------
---------------------------------------------------------------------------------
Finished RTL Optimization Phase 2 : Time (s): cpu = 00:00:09 ; elapsed = 00:00:10 . Memory (MB): peak = 950.559 ; gain = 581.730
---------------------------------------------------------------------------------
No constraint files found.
---------------------------------------------------------------------------------
Start RTL Component Statistics 
---------------------------------------------------------------------------------
Detailed RTL Component Info : 
+---Adders : 
	   2 Input    4 Bit       Adders := 4     
+---XORs : 
	   2 Input      4 Bit         XORs := 2     
+---Registers : 
	                8 Bit    Registers := 1     
	                4 Bit    Registers := 8     
	                1 Bit    Registers := 2     
+---RAMs : 
	               64 Bit	(8 X 8 bit)          RAMs := 1     
---------------------------------------------------------------------------------
Finished RTL Component Statistics 
---------------------------------------------------------------------------------
---------------------------------------------------------------------------------
Start Part Resource Summary
---------------------------------------------------------------------------------
Part Resources:
DSPs: 240 (col length:80)
BRAMs: 270 (col length: RAMB18 80 RAMB36 40)
---------------------------------------------------------------------------------
Finished Part Resource Summary
---------------------------------------------------------------------------------
No constraint files found.
---------------------------------------------------------------------------------
Start Cross Boundary and Area Optimization
---------------------------------------------------------------------------------
WARNING: [Synth 8-7080] Parallel synthesis criteria is not met
---------------------------------------------------------------------------------
Finished Cross Boundary and Area Optimization : Time (s): cpu = 00:00:13 ; elapsed = 00:00:26 . Memory (MB): peak = 1126.105 ; gain = 757.277
---------------------------------------------------------------------------------
---------------------------------------------------------------------------------
Start ROM, RAM, DSP, Shift Register and Retiming Reporting
---------------------------------------------------------------------------------

Distributed RAM: Preliminary Mapping Report (see note below)
+------------------+------------------+-----------+----------------------+-------------+
|Module Name       | RTL Object       | Inference | Size (Depth x Width) | Primitives  | 
+------------------+------------------+-----------+----------------------+-------------+
|asynchronous_fifo | mem_inst/mem_reg | Implied   | 8 x 8                | RAM32M x 2  | 
+------------------+------------------+-----------+----------------------+-------------+

Note: The table above is a preliminary report that shows the Distributed RAMs at the current stage of the synthesis flow. Some Distributed RAMs may be reimplemented as non Distributed RAM primitives later in the synthesis flow. Multiple instantiated RAMs are reported only once.
---------------------------------------------------------------------------------
Finished ROM, RAM, DSP, Shift Register and Retiming Reporting
---------------------------------------------------------------------------------
No constraint files found.
---------------------------------------------------------------------------------
Start Timing Optimization
---------------------------------------------------------------------------------
---------------------------------------------------------------------------------
Finished Timing Optimization : Time (s): cpu = 00:00:13 ; elapsed = 00:00:26 . Memory (MB): peak = 1126.105 ; gain = 757.277
---------------------------------------------------------------------------------
---------------------------------------------------------------------------------
Start ROM, RAM, DSP, Shift Register and Retiming Reporting
---------------------------------------------------------------------------------

Distributed RAM: Final Mapping Report
+------------------+------------------+-----------+----------------------+-------------+
|Module Name       | RTL Object       | Inference | Size (Depth x Width) | Primitives  | 
+------------------+------------------+-----------+----------------------+-------------+
|asynchronous_fifo | mem_inst/mem_reg | Implied   | 8 x 8                | RAM32M x 2  | 
+------------------+------------------+-----------+----------------------+-------------+

---------------------------------------------------------------------------------
Finished ROM, RAM, DSP, Shift Register and Retiming Reporting
---------------------------------------------------------------------------------
---------------------------------------------------------------------------------
Start Technology Mapping
---------------------------------------------------------------------------------
---------------------------------------------------------------------------------
Finished Technology Mapping : Time (s): cpu = 00:00:13 ; elapsed = 00:00:26 . Memory (MB): peak = 1126.105 ; gain = 757.277
---------------------------------------------------------------------------------
---------------------------------------------------------------------------------
Start IO Insertion
---------------------------------------------------------------------------------
---------------------------------------------------------------------------------
Start Flattening Before IO Insertion
---------------------------------------------------------------------------------
---------------------------------------------------------------------------------
Finished Flattening Before IO Insertion
---------------------------------------------------------------------------------
---------------------------------------------------------------------------------
Start Final Netlist Cleanup
---------------------------------------------------------------------------------
---------------------------------------------------------------------------------
Finished Final Netlist Cleanup
---------------------------------------------------------------------------------
---------------------------------------------------------------------------------
Finished IO Insertion : Time (s): cpu = 00:00:18 ; elapsed = 00:00:31 . Memory (MB): peak = 1323.312 ; gain = 954.484
---------------------------------------------------------------------------------
---------------------------------------------------------------------------------
Start Renaming Generated Instances
---------------------------------------------------------------------------------
---------------------------------------------------------------------------------
Finished Renaming Generated Instances : Time (s): cpu = 00:00:18 ; elapsed = 00:00:31 . Memory (MB): peak = 1323.312 ; gain = 954.484
---------------------------------------------------------------------------------
---------------------------------------------------------------------------------
Start Rebuilding User Hierarchy
---------------------------------------------------------------------------------
---------------------------------------------------------------------------------
Finished Rebuilding User Hierarchy : Time (s): cpu = 00:00:18 ; elapsed = 00:00:31 . Memory (MB): peak = 1323.312 ; gain = 954.484
---------------------------------------------------------------------------------
---------------------------------------------------------------------------------
Start Renaming Generated Ports
---------------------------------------------------------------------------------
---------------------------------------------------------------------------------
Finished Renaming Generated Ports : Time (s): cpu = 00:00:18 ; elapsed = 00:00:31 . Memory (MB): peak = 1323.312 ; gain = 954.484
---------------------------------------------------------------------------------
---------------------------------------------------------------------------------
Start Handling Custom Attributes
---------------------------------------------------------------------------------
---------------------------------------------------------------------------------
Finished Handling Custom Attributes : Time (s): cpu = 00:00:18 ; elapsed = 00:00:31 . Memory (MB): peak = 1323.312 ; gain = 954.484
---------------------------------------------------------------------------------
---------------------------------------------------------------------------------
Start Renaming Generated Nets
---------------------------------------------------------------------------------
---------------------------------------------------------------------------------
Finished Renaming Generated Nets : Time (s): cpu = 00:00:18 ; elapsed = 00:00:31 . Memory (MB): peak = 1323.312 ; gain = 954.484
---------------------------------------------------------------------------------
---------------------------------------------------------------------------------
Start Writing Synthesis Report
---------------------------------------------------------------------------------

Report BlackBoxes: 
+-+--------------+----------+
| |BlackBox name |Instances |
+-+--------------+----------+
+-+--------------+----------+

Report Cell Usage: 
+------+---------+------+
|      |Cell     |Count |
+------+---------+------+
|1     |BUFG     |     2|
|2     |LUT1     |     2|
|3     |LUT2     |     2|
|4     |LUT3     |     2|
|5     |LUT4     |     4|
|6     |LUT5     |     6|
|7     |LUT6     |     8|
|8     |RAM32M   |     1|
|9     |RAM32X1D |     2|
|10    |FDCE     |    31|
|11    |FDPE     |     1|
|12    |FDRE     |     8|
|13    |IBUF     |    14|
|14    |OBUF     |    10|
+------+---------+------+

Report Instance Areas: 
+------+------------+---------------+------+
|      |Instance    |Module         |Cells |
+------+------------+---------------+------+
|1     |top         |               |    93|
|2     |  mem_inst  |fifo_mem       |    11|
|3     |  rptr_h    |rptr_handler   |    20|
|4     |  sync_rptr |synchronizer   |     8|
|5     |  sync_wptr |synchronizer_0 |     8|
|6     |  wptr_h    |wptr_handler   |    20|
+------+------------+---------------+------+
---------------------------------------------------------------------------------
Finished Writing Synthesis Report : Time (s): cpu = 00:00:18 ; elapsed = 00:00:31 . Memory (MB): peak = 1323.312 ; gain = 954.484
---------------------------------------------------------------------------------
Synthesis finished with 0 errors, 0 critical warnings and 3 warnings.
Synthesis Optimization Runtime : Time (s): cpu = 00:00:18 ; elapsed = 00:00:31 . Memory (MB): peak = 1323.312 ; gain = 954.484
Synthesis Optimization Complete : Time (s): cpu = 00:00:18 ; elapsed = 00:00:31 . Memory (MB): peak = 1323.312 ; gain = 954.484
INFO: [Project 1-571] Translating synthesized netlist
Netlist sorting complete. Time (s): cpu = 00:00:00 ; elapsed = 00:00:00.003 . Memory (MB): peak = 1338.332 ; gain = 0.000
INFO: [Netlist 29-17] Analyzing 3 Unisim elements for replacement
INFO: [Netlist 29-28] Unisim Transformation completed in 0 CPU seconds
INFO: [Project 1-570] Preparing netlist for logic optimization
INFO: [Opt 31-138] Pushed 0 inverter(s) to 0 load pin(s).
Netlist sorting complete. Time (s): cpu = 00:00:00 ; elapsed = 00:00:00 . Memory (MB): peak = 1450.906 ; gain = 0.000
INFO: [Project 1-111] Unisim Transformation Summary:
  A total of 3 instances were transformed.
  RAM32M => RAM32M (RAMD32(x6), RAMS32(x2)): 1 instance 
  RAM32X1D => RAM32X1D (RAMD32(x2)): 2 instances

Synth Design complete | Checksum: a8a4bfea
INFO: [Common 17-83] Releasing license: Synthesis
22 Infos, 3 Warnings, 0 Critical Warnings and 0 Errors encountered.
synth_design completed successfully
synth_design: Time (s): cpu = 00:00:20 ; elapsed = 00:00:35 . Memory (MB): peak = 1450.906 ; gain = 1085.035
Write ShapeDB Complete: Time (s): cpu = 00:00:00 ; elapsed = 00:00:00.006 . Memory (MB): peak = 1450.906 ; gain = 0.000
INFO: [Common 17-1381] The checkpoint 'D:/vivado_projects/Project_A/Project_A.runs/synth_1/asynchronous_fifo.dcp' has been generated.
INFO: [Vivado 12-24828] Executing command : report_utilization -file asynchronous_fifo_utilization_synth.rpt -pb asynchronous_fifo_utilization_synth.pb
INFO: [Common 17-206] Exiting Vivado at Sun Jul 13 03:31:10 2025...
